PARAM_LIST 1 [source_file: test/module_test2.js]
    NAME exports 1 [source_file: test/module_test2.js]

PARAM_LIST 1 [source_file: test/module_test.js]
    NAME exports 1 [source_file: test/module_test.js]

VAR 6 [jsdoc_info: JSDocInfo] [source_file: test/module_test.js]
    NAME Typedef 6 [source_file: test/module_test.js]

VAR 8 [source_file: test/module_test.js]
    NAME A 8 [source_file: test/module_test.js]
        CALL 8 [source_file: test/module_test.js]
            GETPROP 8 [source_file: test/module_test.js]
                NAME camp 8 [source_file: test/module_test.js]
                STRING using 8 [source_file: test/module_test.js]
            STRING test.hoge.hoge.A 8 [source_file: test/module_test.js]

FUNCTION B 14 [jsdoc_info: JSDocInfo] [source_file: test/module_test.js]
    NAME B 14 [source_file: test/module_test.js]
    PARAM_LIST 14 [source_file: test/module_test.js]
    BLOCK 14 [source_file: test/module_test.js]
        EXPR_RESULT 15 [source_file: test/module_test.js]
            ASSIGN 15 [source_file: test/module_test.js]
                GETPROP 15 [source_file: test/module_test.js]
                    THIS 15 [source_file: test/module_test.js]
                    STRING node 15 [source_file: test/module_test.js]
                CALL 15 [source_file: test/module_test.js]
                    GETPROP 15 [source_file: test/module_test.js]
                        NAME document 15 [source_file: test/module_test.js]
                        STRING getElementById 15 [source_file: test/module_test.js]
                    STRING div 15 [source_file: test/module_test.js]

ASSIGN 29 [jsdoc_info: JSDocInfo] [source_file: test/module_test.js]
    GETPROP 29 [source_file: test/module_test.js]
        NAME exports1 29 [source_file: test/module_test.js]
    FUNCTION  29 [source_file: test/module_test.js]
        NAME  29 [source_file: test/module_test.js]
        PARAM_LIST 29 [source_file: test/module_test.js]
            NAME X 29 [source_file: test/module_test.js]
        BLOCK 29 [source_file: test/module_test.js]
            VAR 30 [source_file: test/module_test.js]
                NAME s 30 [source_file: test/module_test.js]
                    NEW 30 [source_file: test/module_test.js]
                        NAME B1 30 [source_file: test/module_test.js]
            VAR 31 [source_file: test/module_test.js]
                NAME v 31 [source_file: test/module_test.js]
                    NEW 31 [source_file: test/module_test.js]
                        GETPROP 31 [source_file: test/module_test.js]
                            GETPROP 31 [source_file: test/module_test.js]
                                GETPROP 31 [source_file: test/module_test.js]
                                    NAME test 31 [source_file: test/module_test.js]
                                    STRING hoge 31 [source_file: test/module_test.js]
                                STRING hoge 31 [source_file: test/module_test.js]
                            STRING A 31 [source_file: test/module_test.js]
                        STRING a 31 [source_file: test/module_test.js]
            EXPR_RESULT 32 [source_file: test/module_test.js]
                CALL 32 [source_file: test/module_test.js]
                    GETPROP 32 [source_file: test/module_test.js]
                        NAME s 32 [source_file: test/module_test.js]
                        STRING a 32 [source_file: test/module_test.js]
                    NAME X 32 [source_file: test/module_test.js]
            EXPR_RESULT 33 [source_file: test/module_test.js]
                CALL 33 [source_file: test/module_test.js]
                    GETPROP 33 [source_file: test/module_test.js]
                        NAME v 33 [source_file: test/module_test.js]
                        STRING hoge 33 [source_file: test/module_test.js]

CALL 36 [source_file: test/module_test.js]
    GETPROP 36 [source_file: test/module_test.js]
        NAME exports1 36 [source_file: test/module_test.js]
    STRING hoge 36 [source_file: test/module_test.js]

ASSIGN 38 [source_file: test/module_test.js]
    GETPROP 38 [source_file: test/module_test.js]
        NAME exports1 38 [source_file: test/module_test.js]
    NAME B1 38 [source_file: test/module_test.js]

ASSIGN 6 [jsdoc_info: JSDocInfo] [source_file: test/module_test2.js]
    GETPROP 6 [source_file: test/module_test2.js]
        NAME exports0 6 [source_file: test/module_test2.js]
    FUNCTION  6 [source_file: test/module_test2.js]
        NAME  6 [source_file: test/module_test2.js]
        PARAM_LIST 6 [source_file: test/module_test2.js]
            NAME module_test_param 6 [source_file: test/module_test2.js]
        BLOCK 6 [source_file: test/module_test2.js]
            EXPR_RESULT 7 [source_file: test/module_test2.js]
                ASSIGN 7 [source_file: test/module_test2.js]
                    GETPROP 7 [source_file: test/module_test2.js]
                        THIS 7 [source_file: test/module_test2.js]
                        STRING x 7 [source_file: test/module_test2.js]
                    NAME module_test_param 7 [source_file: test/module_test2.js]

GETPROP 9 [source_file: test/module_test2.js]
    GETPROP 9 [source_file: test/module_test2.js]
        NAME exports0 9 [source_file: test/module_test2.js]
    STRING hoge 9 [source_file: test/module_test2.js]

GETPROP 10 [source_file: test/module_test2.js]
    GETPROP 10 [source_file: test/module_test2.js]
        NAME exports0 10 [source_file: test/module_test2.js]
    STRING prototpe 10 [source_file: test/module_test2.js]

uri
uri
uri
uri
uri
uri
uri
uri
str
str
str
str
num
num
num
num
num
num
num
base
num
base
code
code
opt_value
opt_value
var_args
var_args
var_args
var_args
opt_value
opt_value
opt_value
opt_value
opt_ms_num
opt_day_num
opt_mo_num
opt_yr_num
opt_sec_num
opt_min_num
opt_hr_num
opt_yr_num
opt_mo_num
opt_day_num
opt_hr_num
opt_min_num
opt_sec_num
opt_ms_num
opt_str
opt_str
opt_flags
opt_pattern
opt_pattern
opt_flags
opt_line
opt_message
opt_file
opt_message
opt_file
opt_line
opt_line
opt_message
opt_file
opt_message
opt_file
opt_line
opt_line
opt_message
opt_file
opt_message
opt_file
opt_line
opt_line
opt_message
opt_file
opt_message
opt_file
opt_line
opt_line
opt_message
opt_file
opt_message
opt_file
opt_line
opt_line
opt_message
opt_file
opt_message
opt_file
opt_line
opt_line
opt_message
opt_file
opt_message
opt_file
opt_line
opt_location
progId
progId
opt_location
code
code
sprop
fun
sprop
fun
sprop
fun
sprop
fun
propertyName
propertyName
other
other
sprop
sprop
sprop
sprop
fun
fun
propertyName
propertyName
prop
prop
prop
handler
prop
handler
var_args
var_args
var_args
var_args
var_args
var_args
opt_separator
opt_separator
var_args
var_args
opt_end
opt_begin
opt_begin
opt_end
opt_compareFunction
opt_compareFunction
var_args
opt_index
opt_howMany
opt_index
opt_howMany
var_args
var_args
var_args
opt_initialValue
callback
callback
opt_initialValue
opt_initialValue
callback
callback
opt_initialValue
callback
opt_thisobj
callback
opt_thisobj
callback
opt_thisobj
callback
opt_thisobj
callback
opt_thisobj
callback
opt_thisobj
opt_fromIndex
obj
obj
opt_fromIndex
opt_fromIndex
obj
obj
opt_fromIndex
callback
opt_thisobj
callback
opt_thisobj
callback
opt_thisobj
callback
opt_thisobj
opt_context
arr
callback
arr
callback
opt_context
opt_context
arr
callback
arr
callback
opt_context
opt_context
arr
callback
arr
callback
opt_context
arr
opt_fromIndex
obj
arr
obj
opt_fromIndex
arr
opt_fromIndex
obj
arr
obj
opt_fromIndex
opt_context
arr
callback
arr
callback
opt_context
opt_initialValue
arr
callback
arr
callback
opt_initialValue
opt_initialValue
arr
callback
arr
callback
opt_initialValue
opt_context
arr
callback
arr
callback
opt_context
arr
arr
opt_fractionDigits
opt_fractionDigits
opt_digits
opt_digits
opt_precision
opt_precision
opt_radix
opt_radix
x
x
x
x
x
x
x
x
y
x
y
x
x
x
x
x
x
x
x
x
x
x
var_args
var_args
var_args
var_args
y
x
x
y
x
x
x
x
x
x
x
x
date
date
opt_date
opt_minute
opt_hours
month
year
opt_second
opt_ms
year
month
opt_date
opt_hours
opt_minute
opt_second
opt_ms
dayValue
dayValue
monthValue
opt_dayValue
monthValue
opt_dayValue
yearValue
opt_dayValue
opt_monthValue
yearValue
opt_monthValue
opt_dayValue
yearValue
yearValue
opt_msValue
hoursValue
opt_secondsValue
opt_minutesValue
hoursValue
opt_minutesValue
opt_secondsValue
opt_msValue
opt_msValue
minutesValue
opt_secondsValue
minutesValue
opt_secondsValue
opt_msValue
secondsValue
opt_msValue
secondsValue
opt_msValue
millisecondsValue
millisecondsValue
timeValue
timeValue
dayValue
dayValue
monthValue
opt_dayValue
monthValue
opt_dayValue
yearValue
opt_dayValue
opt_monthValue
yearValue
opt_monthValue
opt_dayValue
opt_msValue
hoursValue
opt_secondsValue
opt_minutesValue
hoursValue
opt_minutesValue
opt_secondsValue
opt_msValue
opt_msValue
minutesValue
opt_secondsValue
minutesValue
opt_secondsValue
opt_msValue
secondsValue
opt_msValue
secondsValue
opt_msValue
millisecondsValue
millisecondsValue
formatString
formatString
var_args
var_args
index
index
opt_index
opt_index
var_args
var_args
color
color
size
size
opt_fromIndex
searchValue
searchValue
opt_fromIndex
opt_fromIndex
searchValue
searchValue
opt_fromIndex
hrefAttribute
hrefAttribute
other
other
regexp
regexp
opt_flags
str
regex
regex
str
opt_flags
regexp
regexp
opt_end
begin
begin
opt_end
opt_separator
opt_limit
opt_separator
opt_limit
opt_length
start
start
opt_length
start
opt_end
start
opt_end
opt_flags
pattern
pattern
opt_flags
str
str
str
str
error
opt_constructor
error
opt_constructor
var_args
selfObj
selfObj
var_args
opt_properties
proto
proto
opt_properties
descriptor
prop
obj
obj
prop
descriptor
obj
props
obj
props
prop
obj
obj
prop
obj
obj
obj
obj
obj
obj
obj
obj
obj
obj
obj
obj
obj
obj
obj
obj
obj
obj
opt_key
opt_key
opt_ignoredKey
opt_ignoredKey
useCapture
listener
type
type
listener
useCapture
useCapture
listener
type
type
listener
useCapture
evt
evt
evt
evt
eventTypeArg
cancelableArg
canBubbleArg
eventTypeArg
canBubbleArg
cancelableArg
detail
bubbles
cancelable
eventType
eventType
bubbles
cancelable
detail
eventType
eventType
relatedNodeArg
attrNameArg
typeArg
attrChangeArg
cancelableArg
canBubbleArg
prevValueArg
newValueArg
typeArg
canBubbleArg
cancelableArg
relatedNodeArg
prevValueArg
newValueArg
attrNameArg
attrChangeArg
keyIdentifierArg
keyIdentifierArg
keyLocationArg
keyIdentifierArg
viewArg
typeArg
modifiersList
cancelableArg
canBubbleArg
typeArg
canBubbleArg
cancelableArg
viewArg
keyIdentifierArg
keyLocationArg
modifiersList
screenXArg
viewArg
heightArg
cancelableArg
tiltX
tiltY
altKeyArg
relatedTargetArg
rotation
canBubbleArg
buttonArg
clientYArg
hwTimestampArg
isPrimary
pressure
detailArg
ctrlKeyArg
offsetXArg
clientXArg
metaKeyArg
screenYArg
pointerType
shiftKeyArg
typeArg
offsetYArg
widthArg
pointerIdArg
typeArg
canBubbleArg
cancelableArg
viewArg
detailArg
screenXArg
screenYArg
clientXArg
clientYArg
ctrlKeyArg
altKeyArg
shiftKeyArg
metaKeyArg
buttonArg
relatedTargetArg
offsetXArg
offsetYArg
widthArg
heightArg
pressure
rotation
tiltX
tiltY
pointerIdArg
pointerType
hwTimestampArg
isPrimary
pointerId
pointerId
clientYArg
hwTimestampArg
scaleArg
screenXArg
rotationArg
viewArg
detailArg
translationXArg
velocityYArg
offsetXArg
cancelableArg
clientXArg
expansionArg
screenYArg
velocityXArg
relatedTargetArg
velocityAngularArg
velocityExpansionArg
typeArg
offsetYArg
canBubbleArg
translationYArg
typeArg
canBubbleArg
cancelableArg
viewArg
detailArg
screenXArg
screenYArg
clientXArg
clientYArg
offsetXArg
offsetYArg
translationXArg
translationYArg
scaleArg
expansionArg
rotationArg
velocityXArg
velocityYArg
velocityExpansionArg
velocityAngularArg
hwTimestampArg
relatedTargetArg
feature
version
feature
version
type
listener
useCapture
type
listener
useCapture
evt
newChild
newChild
deep
deep
refChild
newChild
newChild
refChild
oldChild
oldChild
oldChild
newChild
newChild
oldChild
name
name
data
data
data
data
tagName
tagName
name
name
data
target
target
data
data
data
tagname
tagname
index
index
name
name
index
index
name
name
arg
arg
arg
arg
count
offset
offset
count
arg
offset
offset
arg
arg
count
offset
offset
count
arg
count
offset
offset
count
opt_flags
name
name
opt_flags
name
name
tagname
tagname
name
name
oldAttr
oldAttr
name
value
name
value
newAttr
newAttr
offset
offset
type
listener
useCapture
type
listener
useCapture
evt
index
index
index
index
text
text
text
text
elementName
elementName
element
before
element
before
index
index
index
index
index
index
index
index
index
index
index
index
index
index
str
str
index
index
str
str
namespaceURI
name
namespaceURI
name
index
index
index
index
index
index
namespaceURI
publicId
doctype
namespaceURI
publicId
doctype
qualifiedName
publicId
systemId
qualifiedName
publicId
systemId
features
features
features
features
feature
version
feature
version
externalNode
externalNode
namespaceURI
qualifiedName
n
n
namespaceURI
qualifiedName
other
other
feature
version
feature
version
key
key
namespaceURI
namespaceURI
arg
arg
other
other
feature
version
feature
version
prefix
prefix
namespaceURI
namespaceURI
data
key
handler
key
data
handler
query
query
query
query
localName
namespaceURI
namespaceURI
localName
localName
namespaceURI
namespaceURI
localName
localName
namespaceURI
namespaceURI
localName
name
name
localName
namespaceURI
namespaceURI
localName
localName
namespaceURI
namespaceURI
localName
newAttr
newAttr
namespaceURI
qualifiedName
value
namespaceURI
qualifiedName
value
name
isId
name
isId
isId
idAttr
idAttr
isId
localName
namespaceURI
isId
namespaceURI
localName
isId
newText
newText
typeNameArg
derivationMethod
typeNamespaceArg
typeNamespaceArg
typeNameArg
derivationMethod
opt_src
operation
opt_dst
opt_data
key
operation
key
opt_data
opt_src
opt_dst
error
error
name
name
name
name
name
value
name
value
message
message
encodedData
encodedData
stringToEncode
stringToEncode
intervalID
intervalID
timeoutID
timeoutID
message
message
regular
regular
element
pseudoElt
element
pseudoElt
var_args
callback
delay
callback
delay
var_args
var_args
callback
delay
callback
delay
var_args
opt_options
opt_arguments
uri
uri
opt_arguments
opt_options
escaped
escaped
namespaceURI
qualifiedName
namespaceURI
qualifiedName
type
type
opt_showUi
opt_value
commandName
commandName
opt_showUi
opt_value
s
s
name
name
name
name
name
namespace
namespace
name
externalNode
deep
externalNode
deep
uri
uri
command
command
text
text
text
text
element
tag
tag
parent
offset
parent
offset
parent
offset
parent
offset
n
n
n
n
range
range
index
index
index
node
node
index
partlyContained
node
node
partlyContained
parentNode
offset
parentNode
offset
range
range
parentNode
parentNode
child
child
deep
event
insertedNode
adjacentNode
removedNode
removedNode
type
handler
useCapture
insertedNode
replacedNode
selectionEnd
selectionStart
selectionStart
selectionEnd
selectionEnd
selectionStart
selectionStart
selectionEnd
index
index
name
name
reloadDocuments
reloadDocuments
index
index
name
name
opt_str
opt_str
name
value
name
value
namespaceURI
name
type
type
name
namespaceURI
xmlSource
xmlSource
xmlString
xmlString
id
id
sText
sWhere
sWhere
sText
expression
expression
expression
expression
stylesheet
stylesheet
stylesheet
outputObject
stylesheet
outputObject
opt_bRemoveChildren
opt_bRemoveChildren
type
type
data
type
type
data
type
type
event
handler
event
handler
y
x
x
y
y
x
x
y
opt_replace
opt_windowName
opt_url
opt_windowFeatures
opt_url
opt_windowName
opt_windowFeatures
opt_replace
message
opt_defValue
message
opt_defValue
height
width
width
height
height
width
width
height
delta
delta
opt_distance
opt_distance
event
handler
event
handler
sUrl
sUrl
event
handler
event
handler
iCoordX
iCoordY
iCoordX
iCoordY
el
el
opt_action
opt_action
pointerId
pointerId
pointerId
pointerId
iID
iID
opt_bContainerCapture
opt_bContainerCapture
url
url
opt_forceReload
opt_forceReload
url
url
bstrMethod
bstrUrl
bstrMethod
bstrUrl
varBody
varBody
condition
var_args
condition
var_args
var_args
var_args
var_args
var_args
var_args
var_args
var_args
var_args
var_args
var_args
value
value
var_args
var_args
value
value
value
value
opt_title
opt_title
name
name
name
name
value
value
var_args
var_args
baseNode
baseOffset
extentOffset
extentNode
baseNode
baseOffset
extentNode
extentOffset
direction
granularity
alter
alter
direction
granularity
element
opt_authorOnly
pseudoElement
element
pseudoElement
opt_authorOnly
contextId
height
width
name
contextId
name
width
height
index
index
index
index
index
rule
rule
index
index
index
index
index
index
rule
rule
index
index
index
propertyName
propertyName
propertyName
propertyName
propertyName
propertyName
index
index
propertyName
propertyName
propertyName
value
opt_priority
propertyName
value
opt_priority
opt_flags
name
name
opt_flags
name
name
opt_flags
name
name
opt_flags
name
name
opt_flags
name
value
name
value
opt_flags
opt_language
name
expr
name
expr
opt_language
unitType
unitType
unitType
floatValue
unitType
floatValue
stringType
stringValue
stringType
stringValue
index
index
pseudoElt
elt
elt
pseudoElt
pseudoElt
elt
elt
pseudoElt
title
media
title
media
media_query_list
media_query_list
y
x
x
y
y
x
x
y
y
x
x
y
listener
listener
listener
listener
y
x
x
y
y
x
x
y
opt_top
opt_top
index
index
lIndex
bstrURL
bstrURL
lIndex
opt_iIndex
bstrSelector
bstrStyle
bstrSelector
bstrStyle
opt_iIndex
lIndex
lIndex
lIndex
lIndex
propName
propName
expression
name
name
expression
expression
expression
y
x
x
y
opt_value
opt_text
opt_defaultSelected
opt_selected
opt_text
opt_value
opt_defaultSelected
opt_selected
opt_options
opt_blobParts
opt_blobParts
opt_options
successCallback
errorCallback
type
size
type
size
successCallback
errorCallback
successCallback
errorCallback
uri
uri
successCallback
errorCallback
successCallback
errorCallback
type
size
type
size
successCallback
errorCallback
successCallback
errorCallback
uri
uri
successCallback
errorCallback
obj
obj
url
url
start
length
start
length
start
end
start
end
start
end
start
end
endings
data
data
endings
contentType
contentType
endings
data
data
endings
contentType
contentType
successCallback
errorCallback
path
options
path
options
successCallback
errorCallback
successCallback
errorCallback
path
options
path
options
successCallback
errorCallback
successCallback
errorCallback
successCallback
errorCallback
successCallback
errorCallback
successCallback
errorCallback
successCallback
errorCallback
parent
newName
parent
newName
successCallback
errorCallback
successCallback
errorCallback
parent
newName
parent
newName
successCallback
errorCallback
mimeType
mimeType
successCallback
errorCallback
successCallback
errorCallback
successCallback
errorCallback
successCallback
errorCallback
successCallback
errorCallback
successCallback
errorCallback
successCallback
errorCallback
successCallback
errorCallback
successCallback
errorCallback
successCallback
errorCallback
type
listener
useCapture
type
listener
useCapture
evt
blob
blob
blob
blob
blob
encoding
blob
encoding
blob
blob
blob
blob
offset
offset
size
size
successCallback
errorCallback
type
size
type
size
successCallback
errorCallback
successCallback
errorCallback
uri
uri
successCallback
errorCallback
successCallback
errorCallback
type
size
type
size
successCallback
errorCallback
successCallback
errorCallback
uri
uri
successCallback
errorCallback
obj
obj
url
url
obj
obj
url
url
successCallback
errorCallback
type
size
type
size
successCallback
errorCallback
successCallback
errorCallback
type
type
successCallback
errorCallback
xmlString
xmlString
varName
varName
frameNumber
frameNumber
layerNumber
url
layerNumber
url
y
mode
x
x
y
mode
variableName
value
variableName
value
bottom
left
right
top
left
top
right
bottom
percent
percent
target
frameNumber
target
frameNumber
target
label
target
label
target
target
target
target
target
property
target
property
target
property
target
property
target
frameNumber
target
frameNumber
target
label
target
label
target
target
value
target
property
target
property
value
target
target
opt_classVersion
className
opt_classVersion
opt_extraMessage
opt_siteName
opt_imageUrl
opt_siteName
opt_imageUrl
opt_extraMessage
globalObject
globalObject
offset
length
appendee
appendee
opt_name
opt_name
opt_argArray
sqlStatement
opt_argArray
fieldIndex
fieldIndex
fieldName
name
opt_description
icons
url
name
url
icons
opt_description
blob
blob
event
flavor
event
flavor
opt_options
callback
callback
opt_options
event
dropEffect
event
dropEffect
opt_errorCallback
opt_options
successCallback
successCallback
opt_errorCallback
opt_options
opt_errorCallback
opt_options
successCallback
successCallback
opt_errorCallback
opt_options
watchId
watchId
opt_extraMessage
opt_siteName
opt_imageUrl
opt_siteName
opt_imageUrl
opt_extraMessage
method
url
opt_async
name
value
opt_postData
opt_postData
name
url
opt_requiredCookie
name
opt_requiredCookie
opt_requiredCookie
name
opt_requiredCookie
opt_requiredCookie
name
opt_requiredCookie
opt_requiredCookie
name
opt_requiredCookie
opt_requiredCookie
name
opt_requiredCookie
opt_requiredCookie
name
opt_requiredCookie
urlOrUrlArray
callback
blob
opt_contentType
url
blob
url
opt_contentType
captureId
url
srcUrl
destUrl
srcUrl
destUrl
url
fileInputElement
url
url
url
name
url
url
url
htmlElement
url
fullScriptOrCallback
msecDelay
fullScript
msecDelay
timerId
timerId
messageObject
messageText
senderId
messageText
senderId
messageObject
errorObject
errorObject
scriptText
scriptUrl
message
destWorkerId
message
destWorkerId
subtree
subtree
subtree
subtree
src
type
src
type
description
name
opt_callback
size
version
name
version
description
size
opt_callback
opt_arg0
opt_name
scriptURL
scriptURL
opt_name
opt_protocol
url
url
opt_protocol
opt_width
opt_height
opt_width
opt_height
length
length
opt_byteOffset
opt_length
length
length
opt_byteOffset
opt_length
opt_byteOffset
opt_length
length
length
opt_byteOffset
opt_length
opt_byteOffset
opt_length
length
length
opt_byteOffset
opt_length
opt_byteOffset
opt_length
length
length
opt_byteOffset
opt_length
opt_byteOffset
opt_length
length
length
opt_byteOffset
opt_length
opt_byteOffset
opt_length
length
length
opt_byteOffset
opt_length
opt_byteOffset
opt_length
length
length
opt_byteOffset
opt_length
opt_byteOffset
opt_length
length
length
opt_byteOffset
opt_length
opt_byteOffset
opt_length
length
length
opt_byteOffset
opt_length
opt_byteOffset
buffer
opt_byteLength
buffer
opt_byteOffset
opt_byteLength
callback
callback
text
opt_reviver
text
opt_reviver
opt_replacer
opt_space
value
value
opt_replacer
opt_space
opt_type
opt_type
contextId
opt_args
contextId
opt_args
y
x
x
y
angle
angle
y
x
x
y
dx
dy
m21
m12
m22
m11
m11
m12
m21
m22
dx
dy
dx
dy
m21
m12
m22
m11
m11
m12
m21
m22
dx
dy
y0
y1
x0
x1
x0
y0
x1
y1
y0
y1
r0
r1
x0
x1
x0
y0
r0
x1
y1
r1
image
repetition
image
repetition
w
h
y
x
x
y
w
h
w
h
y
x
x
y
w
h
w
h
y
x
x
y
w
h
y
x
x
y
y
x
x
y
cpx
cpy
y
x
cpx
cpy
x
y
cp1y
cp1x
cp2y
cp2x
y
x
cp1x
cp1y
cp2x
cp2y
x
y
y1
y2
radius
x2
x1
x1
y1
x2
y2
radius
w
h
y
x
x
y
w
h
startAngle
radius
endAngle
anticlockwise
y
x
x
y
radius
startAngle
endAngle
anticlockwise
y
x
x
y
text
opt_maxWidth
y
x
text
x
y
opt_maxWidth
text
opt_maxWidth
y
x
text
x
y
opt_maxWidth
text
text
opt_sy
opt_sx
opt_sh
opt_sw
dx
dy
opt_dw
opt_dh
image
image
dx
dy
opt_dw
opt_dh
opt_sx
opt_sy
opt_sw
opt_sh
sh
sw
sw
sh
sh
sy
sw
sx
sx
sy
sw
sh
opt_dirtyHeight
opt_dirtyX
opt_dirtyY
dx
dy
opt_dirtyWidth
imagedata
imagedata
dx
dy
opt_dirtyX
opt_dirtyY
opt_dirtyWidth
opt_dirtyHeight
opt_d
opt_e
opt_b
opt_c
opt_a
opt_a
opt_b
opt_c
opt_d
opt_e
opt_d
opt_e
opt_b
opt_c
opt_a
opt_a
opt_b
opt_c
opt_d
opt_e
color
offset
offset
color
title
protocol
uri
protocol
uri
title
title
uri
mimeType
mimeType
uri
title
opt_errorCallback
callback
opt_Callback
callback
opt_errorCallback
opt_Callback
opt_errorCallback
callback
opt_Callback
callback
opt_errorCallback
opt_Callback
successCallback
errorCallback
callback
newVersion
oldVersion
oldVersion
newVersion
callback
errorCallback
successCallback
db
db
opt_errorCallback
sqlStatement
opt_callback
opt_queryArgs
sqlStatement
opt_queryArgs
opt_callback
opt_errorCallback
index
index
description
name
opt_callback
size
version
name
version
description
size
opt_callback
message
ports
targetOrigin
message
targetOrigin
ports
message
message
type
listener
useCapture
type
listener
useCapture
evt
var_args
var_args
var_args
var_args
type
listener
useCapture
type
listener
useCapture
evt
message
message
type
listener
useCapture
type
listener
useCapture
evt
message
opt_transfer
message
opt_transfer
message
opt_transfer
message
opt_transfer
type
listener
useCapture
type
listener
useCapture
evt
message
opt_transfer
message
opt_transfer
message
opt_transfer
message
opt_transfer
classNames
classNames
type
type
type
listener
useCapture
type
listener
useCapture
evt
message
opt_transfer
message
opt_transfer
portsArg
originArg
typeArg
sourceArg
cancelableArg
lastEventIdArg
dataArg
canBubbleArg
typeArg
canBubbleArg
cancelableArg
dataArg
originArg
lastEventIdArg
sourceArg
portsArg
portsArg
originArg
namespaceURI
typeArg
sourceArg
cancelableArg
lastEventIdArg
dataArg
canBubbleArg
namespaceURI
typeArg
canBubbleArg
cancelableArg
dataArg
originArg
lastEventIdArg
sourceArg
portsArg
opt_format
opt_format
data
format
format
data
format
format
img
y
x
img
x
y
elem
elem
index
index
index
index
type
listener
useCapture
type
listener
useCapture
evt
data
data
title
opt_url
data
data
title
opt_url
title
opt_url
data
data
title
opt_url
stateArg
typeArg
cancelableArg
canBubbleArg
typeArg
canBubbleArg
cancelableArg
stateArg
oldURLArg
newURLArg
typeArg
cancelableArg
canBubbleArg
typeArg
canBubbleArg
cancelableArg
oldURLArg
newURLArg
persistedArg
typeArg
cancelableArg
canBubbleArg
typeArg
canBubbleArg
cancelableArg
persistedArg
i
i
mimeType
mimeType
type
listener
useCapture
type
listener
useCapture
evt
index
index
token
token
token
token
token
token
token
token
opt_end
begin
begin
opt_end
opt_offset
array
array
opt_offset
opt_end
begin
begin
opt_end
opt_offset
array
array
opt_offset
opt_end
begin
begin
opt_end
opt_offset
array
array
opt_offset
opt_end
begin
begin
opt_end
opt_offset
array
array
opt_offset
opt_end
begin
begin
opt_end
opt_offset
array
array
opt_offset
opt_end
begin
begin
opt_end
opt_offset
array
array
opt_offset
opt_end
begin
begin
opt_end
opt_offset
array
array
opt_offset
opt_end
begin
begin
opt_end
opt_offset
array
array
opt_offset
opt_end
begin
begin
opt_end
opt_offset
array
array
opt_offset
opt_end
begin
begin
opt_end
byteOffset
byteOffset
byteOffset
byteOffset
byteOffset
opt_littleEndian
byteOffset
opt_littleEndian
byteOffset
opt_littleEndian
byteOffset
opt_littleEndian
byteOffset
opt_littleEndian
byteOffset
opt_littleEndian
byteOffset
opt_littleEndian
byteOffset
opt_littleEndian
byteOffset
opt_littleEndian
byteOffset
opt_littleEndian
byteOffset
opt_littleEndian
byteOffset
opt_littleEndian
byteOffset
value
byteOffset
value
byteOffset
value
byteOffset
value
byteOffset
opt_littleEndian
value
byteOffset
value
opt_littleEndian
byteOffset
opt_littleEndian
value
byteOffset
value
opt_littleEndian
byteOffset
opt_littleEndian
value
byteOffset
value
opt_littleEndian
byteOffset
opt_littleEndian
value
byteOffset
value
opt_littleEndian
byteOffset
opt_littleEndian
value
byteOffset
value
opt_littleEndian
byteOffset
opt_littleEndian
value
byteOffset
value
opt_littleEndian
message
message
message
message
message
message
message
message
opt_allowKeyboardInput
opt_allowKeyboardInput
opt_allowKeyboardInput
opt_allowKeyboardInput
target
options
target
options
target
view
screenY
pageX
screenX
identifier
pageY
view
target
identifier
pageX
pageY
screenX
screenY
index
index
touches
touches
metaKey
clientY
scale
detail
clientX
touches
shiftKey
type
targetTouches
changedTouches
rotation
altKey
cancelable
ctrlKey
view
screenY
screenX
canBubble
type
canBubble
cancelable
view
detail
screenX
screenY
clientX
clientY
ctrlKey
altKey
shiftKey
metaKey
touches
targetTouches
changedTouches
scale
rotation
metaKey
clientY
scale
detail
clientX
shiftKey
type
rotation
altKey
target
cancelable
ctrlKey
view
screenY
screenX
canBubble
type
canBubble
cancelable
view
detail
screenX
screenY
clientX
clientY
ctrlKey
altKey
shiftKey
metaKey
target
scale
rotation
index
index
key
key
data
key
key
data
key
key
oldValueArg
keyArg
typeArg
urlArg
cancelableArg
canBubbleArg
storageAreaArg
newValueArg
typeArg
canBubbleArg
cancelableArg
keyArg
oldValueArg
newValueArg
urlArg
storageAreaArg
callback
opt_element
callback
opt_element
handle
handle
callback
opt_element
callback
opt_element
handle
handle
handle
handle
callback
opt_element
callback
opt_element
handle
handle
handle
handle
callback
opt_element
callback
opt_element
handle
handle
handle
handle
callback
opt_element
callback
opt_element
handle
handle
handle
handle
callback
opt_element
callback
opt_element
handle
handle
handle
handle
callback
opt_element
callback
opt_element
handle
handle
handle
handle
callback
opt_element
callback
opt_element
handle
handle
handle
handle
callback
opt_element
callback
opt_element
handle
handle
handle
handle
callback
opt_element
callback
opt_element
handle
handle
handle
handle
matrix
matrix
matrix
matrix
matrix
matrix
string
string
secondMatrix
secondMatrix
z
y
x
x
y
z
scaleX
scaleY
scaleZ
scaleX
scaleY
scaleZ
rotX
rotY
rotZ
rotX
rotY
rotZ
z
angle
y
x
x
y
z
angle
opt_errorCallback
opt_options
successCallback
successCallback
opt_errorCallback
opt_options
opt_errorCallback
opt_options
successCallback
successCallback
opt_errorCallback
opt_options
watchId
watchId
name
opt_version
name
opt_version
name
name
type
listener
useCapture
type
listener
useCapture
evt
name
opt_parameters
name
opt_parameters
name
name
version
version
storeNames
mode
storeNames
mode
type
listener
useCapture
type
listener
useCapture
evt
value
key
value
key
value
key
value
key
key
key
key
key
range
direction
range
direction
opt_paramters
keyPath
name
name
keyPath
opt_paramters
name
name
indexName
indexName
key
key
range
direction
range
direction
range
direction
range
direction
key
key
key
key
value
value
key
key
count
count
name
name
value
value
value
value
open
bound
bound
open
open
bound
bound
open
open
bound
bound
open
open
bound
bound
open
openRight
openLeft
left
right
left
right
openLeft
openRight
openRight
openLeft
left
right
left
right
openLeft
openRight
maxSize
maxSize
entryType
entryType
name
opt_entryType
name
opt_entryType
refNode
offset
refNode
offset
refNode
offset
refNode
offset
refNode
refNode
refNode
refNode
refNode
refNode
refNode
refNode
toStart
toStart
refNode
refNode
refNode
refNode
sourceRange
how
how
sourceRange
newNode
newNode
newParent
newParent
selectors
selectors
selectors
selectors
selectors
selectors
selectors
selectors
selectors
refNodes
selectors
refNodes
selectors
selectors
selectors
selectors
selectors
selectors
opt_form
opt_form
expr
opt_resolver
expr
opt_resolver
nodeResolver
nodeResolver
contextNode
opt_result
expr
opt_type
opt_resolver
expr
contextNode
opt_resolver
opt_type
opt_result
contextNode
opt_result
opt_type
contextNode
opt_type
opt_result
prefix
prefix
index
index
type
listener
useCapture
type
listener
useCapture
evt
opt_async
opt_password
opt_user
method
url
method
url
opt_async
opt_user
opt_password
value
header
header
value
opt_data
opt_data
header
header
name
value
name
value
x
intervalID
intervalID
timeoutID
timeoutID
x
x
message
opt_value
message
opt_value
callback
delay
callback
delay
callback
delay
callback
delay
title
opt_options
title
opt_options
opt_callback
opt_callback
type
listener
useCapture
type
listener
useCapture
evt
body
title
iconUrl
iconUrl
title
body
url
url
opt_callback
opt_callback
name
name
texture
texture
shader
program
program
shader
index
program
name
program
index
name
buffer
target
target
buffer
buffer
target
target
buffer
buffer
target
target
buffer
texture
target
target
texture
red
blue
green
alpha
red
blue
green
alpha
mode
mode
modeAlpha
modeRGB
modeRGB
modeAlpha
sfactor
dfactor
sfactor
dfactor
dstRGB
dstAlpha
srcAlpha
srcRGB
srcRGB
dstRGB
srcAlpha
dstAlpha
data
target
usage
target
data
usage
data
target
offset
target
offset
data
target
target
mask
mask
red
blue
green
alpha
red
green
blue
alpha
depth
depth
s
s
red
blue
green
alpha
red
green
blue
alpha
shader
shader
height
level
width
data
target
border
internalformat
target
level
internalformat
width
height
border
data
height
level
xoffset
yoffset
width
data
target
format
target
level
xoffset
yoffset
width
height
format
data
height
level
width
target
format
border
y
x
target
level
format
x
y
width
height
border
height
level
xoffset
yoffset
width
target
y
x
target
level
xoffset
yoffset
x
y
width
height
type
type
mode
mode
buffer
buffer
buffer
buffer
program
program
buffer
buffer
shader
shader
texture
texture
func
func
flag
flag
farVal
nearVal
nearVal
farVal
shader
program
program
shader
flags
flags
index
index
count
first
mode
mode
first
count
count
offset
type
mode
mode
count
type
offset
cap
cap
index
index
renderbuffertarget
renderbuffer
target
attachment
target
attachment
renderbuffertarget
renderbuffer
level
texture
target
textarget
attachment
target
attachment
textarget
texture
level
mode
mode
target
target
index
program
program
index
index
program
program
index
program
program
program
name
program
name
pname
target
target
pname
pname
pname
pname
target
attachment
target
attachment
pname
program
pname
program
pname
program
program
pname
target
target
pname
shader
pname
shader
pname
precisiontype
shadertype
shadertype
precisiontype
shader
shader
shader
shader
pname
target
target
pname
location
program
program
location
program
name
program
name
index
pname
index
pname
index
pname
index
pname
target
mode
target
mode
buffer
buffer
cap
cap
framebuffer
framebuffer
program
program
renderbuffer
renderbuffer
shader
shader
texture
texture
width
width
program
program
param
pname
pname
param
factor
units
factor
units
height
width
format
pixels
type
y
x
x
y
width
height
format
type
pixels
height
width
target
internalformat
target
internalformat
width
height
invert
coverage
coverage
invert
height
width
y
x
x
y
width
height
shader
source
shader
source
ref
mask
func
func
ref
mask
ref
face
mask
func
face
func
ref
mask
mask
mask
face
mask
face
mask
fail
zfail
zpass
fail
zfail
zpass
face
fail
zfail
zpass
face
fail
zfail
zpass
level
opt_pixels
img
target
opt_format
opt_type
format
type
internalformat
target
level
internalformat
format
type
img
opt_format
opt_type
opt_pixels
param
pname
target
target
pname
param
param
pname
target
target
pname
param
level
opt_pixels
xoffset
yoffset
data
target
opt_type
format
type
target
level
xoffset
yoffset
format
type
data
opt_type
opt_pixels
location
value
location
value
location
value
location
value
location
value
location
value
location
value
location
value
location
value1
value2
location
value1
value2
location
value
location
value
location
value1
value2
location
value1
value2
location
value
location
value
location
value3
value1
value2
location
value1
value2
value3
location
value
location
value
location
value3
value1
value2
location
value1
value2
value3
location
value
location
value
location
value3
value4
value1
value2
location
value1
value2
value3
value4
location
value
location
value
location
value3
value4
value1
value2
location
value1
value2
value3
value4
location
value
location
value
transpose
location
data
location
transpose
data
transpose
location
data
location
transpose
data
transpose
location
data
location
transpose
data
program
program
program
program
indx
x
indx
x
values
indx
indx
values
indx
y
x
indx
x
y
values
indx
indx
values
indx
z
y
x
indx
x
y
z
values
indx
indx
values
w
indx
z
y
x
indx
x
y
z
w
values
indx
indx
values
normalized
indx
offset
type
stride
size
indx
size
type
normalized
stride
offset
height
width
y
x
x
y
width
height
arrayObject
arrayObject
arrayObject
arrayObject
arrayObject
arrayObject
shader
shader
module_test_param;
module_test_param
module_test_param;
o
X
X
var test = {hoge:{}};
test.hoge.hoge = {};
test.hoge.hoge.A = function $test$hoge$hoge$A$($module_test_param$$) {
  this.x = $module_test_param$$
};
test.hoge.hoge.A.hoge = function $test$hoge$hoge$A$hoge$() {
};
test.hoge.hoge.A.prototpe.hoge = function $test$hoge$hoge$A$prototpe$hoge$() {
};
var Typedef1;
test.hoge.hoge.A.hoge();
function B1() {
  this.node = document.getElementById("div")
}
B1.prototype.a = function $B1$$a$($o$$) {
  this.node.innerHTML = $o$$
};
(function() {
  (new B1).a("a")
})();
test.hoge.hoge.hoge = function $test$hoge$hoge$hoge$($X$$) {
  var $s$$ = new B1, $v$$ = new test.hoge.hoge.A("a");
  $s$$.a($X$$);
  $v$$.hoge()
};
test.hoge.hoge.hoge("hoge");
test.hoge.hoge.B = B1;

